M	Makefile
[master f721986] Commit
 1 file changed, 10 insertions(+), 1 deletion(-)
M	Makefile
D	daytime-server
D	daytime-server.o
D	hello.o
D	hello.so
D	use-dlopen
D	use-dlopen.o
[master 1e33e01] Commit
 7 files changed, 1 insertion(+), 2 deletions(-)
 delete mode 100755 daytime-server
 delete mode 100644 daytime-server.o
 delete mode 100644 hello.o
 delete mode 100755 hello.so
 delete mode 100755 use-dlopen
 delete mode 100644 use-dlopen.o
M	Makefile
[master fa13f86] Commit
 1 file changed, 1 insertion(+), 1 deletion(-)
M	Makefile
[master b959d8c] Commit
 1 file changed, 1 insertion(+), 1 deletion(-)
M	Makefile
[master 4480899] Commit
 1 file changed, 1 insertion(+), 1 deletion(-)
On branch master
Untracked files:
	.local.git.out

nothing added to commit but untracked files present
[master d881868] Commit
 1 file changed, 1 deletion(-)
[master 1d21f5c] Commit
 1 file changed, 1 insertion(+)
[master cc8d4cd] Commit
 1 file changed, 1 insertion(+), 1 deletion(-)
[master 04854cf] Commit
 1 file changed, 1 insertion(+), 1 deletion(-)
On branch master
Your branch is up-to-date with 'origin/master'.
nothing to commit, working directory clean
[master f78c678] Commit
 3 files changed, 272 insertions(+), 29 deletions(-)
 rewrite myhttpd.cc (87%)
[master 16f08cc] Commit
 2 files changed, 5 insertions(+), 2 deletions(-)
[master 94e32c4] Commit
 2 files changed, 5 insertions(+), 3 deletions(-)
[master c462617] Commit
 2 files changed, 5 insertions(+), 3 deletions(-)
[master fc98a07] Commit
 2 files changed, 5 insertions(+), 3 deletions(-)
[master 62edb5d] Commit
 2 files changed, 43 insertions(+), 41 deletions(-)
[master 9cc977f] Commit
 2 files changed, 3 insertions(+), 1 deletion(-)
[master d49089a] Commit
 2 files changed, 8 insertions(+), 1 deletion(-)
[master c78476e] Commit
 2 files changed, 3 insertions(+), 1 deletion(-)
[master 9ab886e] Commit
 2 files changed, 3 insertions(+), 1 deletion(-)
[master d03a056] Commit
 2 files changed, 6 insertions(+)
[master b114295] Commit
 2 files changed, 5 insertions(+), 2 deletions(-)
[master d65943d] Commit
 2 files changed, 3 insertions(+), 1 deletion(-)
[master f520b86] Commit
 2 files changed, 14 insertions(+)
[master 353269e] Commit
 2 files changed, 7 insertions(+), 2 deletions(-)
[master 135e795] Commit
 2 files changed, 39 insertions(+)
[master 4c80064] Commit
 2 files changed, 3 insertions(+), 1 deletion(-)
[master 3061666] Commit
 2 files changed, 4 insertions(+)
[master 5925a2b] Commit
 1 file changed, 2 insertions(+)
[master eeb7173] Commit
 2 files changed, 3 insertions(+)
[master 0981e2f] Commit
 1 file changed, 2 insertions(+)
[master af86208] Commit
 1 file changed, 2 insertions(+)
[master 09445af] Commit
 1 file changed, 2 insertions(+)
[master ed7a68c] Commit
 1 file changed, 2 insertions(+)
[master e9bc954] Commit
 1 file changed, 2 insertions(+)
[master 6953ec4] Commit
 1 file changed, 2 insertions(+)
[master 83c03c0] Commit
 2 files changed, 3 insertions(+), 1 deletion(-)
[master 28a98bb] Commit
 1 file changed, 2 insertions(+)
[master ff6db2b] Commit
 2 files changed, 3 insertions(+), 1 deletion(-)
[master 6ad9027] Commit
 2 files changed, 4 insertions(+), 2 deletions(-)
[master 1e59174] Commit
 1 file changed, 2 insertions(+)
[master c8c5b56] Commit
 2 files changed, 5 insertions(+), 2 deletions(-)
[master d5a97bd] Commit
 1 file changed, 2 insertions(+)
[master 5f5bf15] Commit
 1 file changed, 2 insertions(+)
[master 04ada32] Commit
 2 files changed, 3 insertions(+)
[master 92d96d0] Commit
 2 files changed, 4 insertions(+), 2 deletions(-)
[master cd1686e] Commit
 1 file changed, 2 insertions(+)
[master 3495e83] Commit
 2 files changed, 3 insertions(+), 2 deletions(-)
[master f7dc981] Commit
 2 files changed, 6 insertions(+)
[master 2f81ec4] Commit
 2 files changed, 3 insertions(+), 1 deletion(-)
[master cab1e0d] Commit
 2 files changed, 46 insertions(+)
[master 406c81c] Commit
 2 files changed, 3 insertions(+), 1 deletion(-)
[master ab01713] Commit
 2 files changed, 3 insertions(+), 1 deletion(-)
[master 28a9570] Commit
 2 files changed, 3 insertions(+), 1 deletion(-)
[master 72edde6] Commit
 2 files changed, 3 insertions(+), 1 deletion(-)
[master 515cf81] Commit
 2 files changed, 3 insertions(+), 1 deletion(-)
[master a9afa7c] Commit
 2 files changed, 3 insertions(+), 1 deletion(-)
[master 348abf7] Commit
 2 files changed, 4 insertions(+), 2 deletions(-)
[master 06db7e6] Commit
 2 files changed, 3 insertions(+), 1 deletion(-)
[master 134fee7] Commit
 2 files changed, 10 insertions(+), 8 deletions(-)
[master 1f34dcd] Commit
 2 files changed, 9 insertions(+)
[master 68b5432] Commit
 1 file changed, 2 insertions(+)
[master 1dd27f3] Commit
 1 file changed, 2 insertions(+)
[master 038bd91] Commit
 1 file changed, 2 insertions(+)
[master dfc6a97] Commit
 2 files changed, 2 insertions(+), 61 deletions(-)
[master c2f40ac] Commit
 2 files changed, 3 insertions(+), 1 deletion(-)
[master f1d42b2] Commit
 1 file changed, 2 insertions(+)
[master 1ee36a7] Commit
 1 file changed, 2 insertions(+)
[master fdb193b] Commit
 1 file changed, 2 insertions(+)
[master 8aabda4] Commit
 1 file changed, 2 insertions(+)
[master b4e83b0] Commit
 2 files changed, 7 insertions(+), 1 deletion(-)
[master c2ab239] Commit
 2 files changed, 4 insertions(+), 1 deletion(-)
[master fb24993] Commit
 2 files changed, 3 insertions(+), 1 deletion(-)
[master 03f15c4] Commit
 2 files changed, 3 insertions(+), 1 deletion(-)
[master e850dbe] Commit
 2 files changed, 4 insertions(+), 1 deletion(-)
[master 8786e9d] Commit
 2 files changed, 5 insertions(+), 3 deletions(-)
[master b0614c9] Commit
 2 files changed, 3 insertions(+), 1 deletion(-)
[master 8518b90] Commit
 2 files changed, 3 insertions(+)
[master 0c6ad6d] Commit
 2 files changed, 6 insertions(+)
[master 1e40023] Commit
 2 files changed, 5 insertions(+), 3 deletions(-)
[master bc539f9] Commit
 2 files changed, 3 insertions(+), 1 deletion(-)
[master 6ada34d] Commit
 2 files changed, 4 insertions(+), 1 deletion(-)
[master 9f07162] Commit
 1 file changed, 2 insertions(+)
[master 0416238] Commit
 2 files changed, 3 insertions(+), 1 deletion(-)
[master 196c372] Commit
 2 files changed, 5 insertions(+), 3 deletions(-)
[master 582d255] Commit
 2 files changed, 3 insertions(+), 1 deletion(-)
[master fba425e] Commit
 2 files changed, 3 insertions(+), 1 deletion(-)
[master 1ab9aaf] Commit
 2 files changed, 2 insertions(+), 3 deletions(-)
[master 0d45c29] Commit
 2 files changed, 5 insertions(+)
[master 7d2ee3b] Commit
 2 files changed, 3 insertions(+), 1 deletion(-)
[master e60a1f0] Commit
 2 files changed, 3 insertions(+), 1 deletion(-)
[master a52dacb] Commit
 2 files changed, 3 insertions(+), 1 deletion(-)
[master eea05b6] Commit
 2 files changed, 3 insertions(+), 1 deletion(-)
[master f7c5c76] Commit
 2 files changed, 25 insertions(+), 1 deletion(-)
[master e7e0079] Commit
 2 files changed, 8 insertions(+), 6 deletions(-)
[master 42cd94f] Commit
 2 files changed, 3 insertions(+)
[master d6e1ed7] Commit
 2 files changed, 3 insertions(+), 1 deletion(-)
[master b86e637] Commit
 2 files changed, 3 insertions(+), 1 deletion(-)
[master c878911] Commit
 2 files changed, 18 insertions(+), 15 deletions(-)
[master f91c398] Commit
 2 files changed, 6 insertions(+), 2 deletions(-)
[master c3d4aca] Commit
 2 files changed, 4 insertions(+), 1 deletion(-)
[master 3b9bf81] Commit
 2 files changed, 5 insertions(+), 2 deletions(-)
[master c658c84] Commit
 2 files changed, 4 insertions(+), 2 deletions(-)
[master 9298b7f] Commit
 2 files changed, 50 insertions(+), 3 deletions(-)
[master 99aa506] Commit
 2 files changed, 19 insertions(+), 10 deletions(-)
[master a789823] Commit
 2 files changed, 3 insertions(+), 1 deletion(-)
[master 3170d1c] Commit
 2 files changed, 3 insertions(+), 1 deletion(-)
[master 86b51a7] Commit
 2 files changed, 5 insertions(+), 2 deletions(-)
[master 744d3f9] Commit
 2 files changed, 4 insertions(+), 2 deletions(-)
[master 0b25228] Commit
 1 file changed, 2 insertions(+)
[master 05b7952] Commit
 2 files changed, 3 insertions(+), 1 deletion(-)
[master a07f931] Commit
 2 files changed, 9 insertions(+), 6 deletions(-)
[master b1b3cb6] Commit
 2 files changed, 3 insertions(+), 2 deletions(-)
[master 3990b52] Commit
 2 files changed, 3 insertions(+), 1 deletion(-)
[master b48273e] Commit
 2 files changed, 3 insertions(+), 1 deletion(-)
[master e2b585c] Commit
 2 files changed, 3 insertions(+)
[master 1f088f1] Commit
 2 files changed, 3 insertions(+), 1 deletion(-)
[master b4a250e] Commit
 2 files changed, 3 insertions(+), 1 deletion(-)
[master db8d295] Commit
 2 files changed, 3 insertions(+)
[master b2f27b4] Commit
 2 files changed, 3 insertions(+), 1 deletion(-)
[master c5b16d4] Commit
 2 files changed, 13 insertions(+), 10 deletions(-)
[master 9cebe1d] Commit
 2 files changed, 3 insertions(+)
[master 514a224] Commit
 2 files changed, 5 insertions(+), 1 deletion(-)
[master 8d9329f] Commit
 2 files changed, 3 insertions(+), 1 deletion(-)
[master e5e9db5] Commit
 2 files changed, 3 insertions(+), 1 deletion(-)
[master db592f6] Commit
 2 files changed, 4 insertions(+), 2 deletions(-)
[master 293cc9b] Commit
 1 file changed, 2 insertions(+)
[master 69c3816] Commit
 2 files changed, 3 insertions(+)
[master b335453] Commit
 2 files changed, 4 insertions(+), 1 deletion(-)
[master d9b4156] Commit
 2 files changed, 5 insertions(+), 3 deletions(-)
[master 864c548] Commit
 2 files changed, 3 insertions(+), 1 deletion(-)
[master d082893] Commit
 2 files changed, 3 insertions(+), 1 deletion(-)
[master 548397b] Commit
 2 files changed, 6 insertions(+), 14 deletions(-)
[master ea3e20f] Commit
 2 files changed, 2 insertions(+), 1 deletion(-)
[master 1c3a024] Commit
 2 files changed, 7 insertions(+), 7 deletions(-)
[master 1af499d] Commit
 2 files changed, 6 insertions(+), 4 deletions(-)
[master c80dbd8] Commit
 2 files changed, 8 insertions(+), 5 deletions(-)
[master 15b0714] Commit
 2 files changed, 3 insertions(+)
[master 396be9a] Commit
 2 files changed, 10 insertions(+)
[master 8727a3c] Commit
 2 files changed, 3 insertions(+), 1 deletion(-)
[master f1509b9] Commit
 2 files changed, 3 insertions(+), 1 deletion(-)
[master f1212e3] Commit
 2 files changed, 3 insertions(+), 1 deletion(-)
[master 00e8cb7] Commit
 2 files changed, 5 insertions(+), 2 deletions(-)
[master 5424e5e] Commit
 2 files changed, 3 insertions(+), 1 deletion(-)
[master 98a1480] Commit
 2 files changed, 3 insertions(+), 1 deletion(-)
[master 58d16f2] Commit
 2 files changed, 3 insertions(+), 1 deletion(-)
[master 4cf6861] Commit
 2 files changed, 3 insertions(+), 1 deletion(-)
[master 5170c5d] Commit
 2 files changed, 8 insertions(+), 5 deletions(-)
[master 3f88c54] Commit
 2 files changed, 3 insertions(+), 1 deletion(-)
[master 03d77bf] Commit
 2 files changed, 3 insertions(+), 1 deletion(-)
[master 83b3e83] Commit
 2 files changed, 10 insertions(+), 7 deletions(-)
[master 529c7a8] Commit
 2 files changed, 3 insertions(+), 1 deletion(-)
[master 462a60e] Commit
 2 files changed, 3 insertions(+), 1 deletion(-)
[master 58f880f] Commit
 2 files changed, 4 insertions(+), 2 deletions(-)
[master df9e88f] Commit
 1 file changed, 2 insertions(+)
[master a6f593d] Commit
 1 file changed, 2 insertions(+)
[master 176cf73] Commit
 2 files changed, 11 insertions(+), 5 deletions(-)
[master ffa36fa] Commit
 2 files changed, 5 insertions(+), 3 deletions(-)
[master 63eced7] Commit
 1 file changed, 2 insertions(+)
[master aeca717] Commit
 2 files changed, 3 insertions(+), 1 deletion(-)
[master 2ed6288] Commit
 1 file changed, 2 insertions(+)
[master 1fa9027] Commit
 1 file changed, 2 insertions(+)
[master d996080] Commit
 1 file changed, 2 insertions(+)
[master 99801ce] Commit
 2 files changed, 4 insertions(+)
[master 1fd0413] Commit
 2 files changed, 3 insertions(+), 1 deletion(-)
[master 2302c6f] Commit
 2 files changed, 4 insertions(+), 1 deletion(-)
[master 2d52573] Commit
 2 files changed, 2 insertions(+), 2 deletions(-)
[master 59662a9] Commit
 1 file changed, 2 insertions(+)
[master e0fe0a9] Commit
 1 file changed, 2 insertions(+)
[master f07a287] Commit
 2 files changed, 5 insertions(+), 2 deletions(-)
[master 94d61ff] Commit
 2 files changed, 6 insertions(+), 3 deletions(-)
[master b4726df] Commit
 2 files changed, 4 insertions(+), 2 deletions(-)
[master f58bea5] Commit
 2 files changed, 4 insertions(+), 2 deletions(-)
[master dcacafb] Commit
 1 file changed, 2 insertions(+)
[master 69dc717] Commit
 2 files changed, 5 insertions(+), 3 deletions(-)
[master 4385ec2] Commit
 2 files changed, 4 insertions(+), 2 deletions(-)
[master 22ef532] Commit
 1 file changed, 2 insertions(+)
[master 672568a] Commit
 1 file changed, 2 insertions(+)
[master ddb4fed] Commit
 1 file changed, 2 insertions(+)
[master c588972] Commit
 1 file changed, 2 insertions(+)
[master a57c34f] Commit
 2 files changed, 5 insertions(+), 2 deletions(-)
[master 64ecf5a] Commit
 2 files changed, 3 insertions(+), 1 deletion(-)
[master 8123307] Commit
 2 files changed, 3 insertions(+), 2 deletions(-)
[master fbac8a9] Commit
 2 files changed, 4 insertions(+), 2 deletions(-)
[master 8c453fe] Commit
 1 file changed, 2 insertions(+)
[master c7973a0] Commit
 2 files changed, 4 insertions(+), 1 deletion(-)
[master 25f176b] Commit
 1 file changed, 2 insertions(+)
[master d39eced] Commit
 2 files changed, 3 insertions(+)
[master 34b3360] Commit
 2 files changed, 2 insertions(+), 1 deletion(-)
[master 9332f51] Commit
 2 files changed, 6 insertions(+)
[master 588d91c] Commit
 1 file changed, 2 insertions(+)
[master 2993b6a] Commit
 1 file changed, 2 insertions(+)
[master 6b09af7] Commit
 2 files changed, 4 insertions(+)
[master 81761fb] Commit
 1 file changed, 2 insertions(+)
[master 77bdb8a] Commit
 2 files changed, 4 insertions(+), 2 deletions(-)
[master 89cf7ee] Commit
 2 files changed, 5 insertions(+), 1 deletion(-)
[master 64e58f1] Commit
 2 files changed, 3 insertions(+), 1 deletion(-)
[master 84b9a52] Commit
 2 files changed, 3 insertions(+), 1 deletion(-)
[master cedefb5] Commit
 2 files changed, 3 insertions(+), 1 deletion(-)
[master d6088cd] Commit
 2 files changed, 5 insertions(+), 1 deletion(-)
[master a746214] Commit
 2 files changed, 3 insertions(+)
[master 77e52f5] Commit
 2 files changed, 3 insertions(+), 1 deletion(-)
[master 194b7af] Commit
 1 file changed, 2 insertions(+)
[master 18278c8] Commit
 2 files changed, 6 insertions(+), 4 deletions(-)
[master cbb94c0] Commit
 2 files changed, 4 insertions(+), 8 deletions(-)
[master 1a7efe4] Commit
 2 files changed, 3 insertions(+)
[master 206bf57] Commit
 2 files changed, 4 insertions(+), 1 deletion(-)
[master 904099a] Commit
 1 file changed, 2 insertions(+)
[master 7cb13b0] Commit
 2 files changed, 2 insertions(+), 2 deletions(-)
[master 37eb301] Commit
 2 files changed, 4 insertions(+)
[master 595a2d5] Commit
 2 files changed, 4 insertions(+), 2 deletions(-)
[master fa8633c] Commit
 2 files changed, 4 insertions(+)
[master df078c9] Commit
 2 files changed, 8 insertions(+)
[master 85e7034] Commit
 2 files changed, 3 insertions(+), 1 deletion(-)
[master ebdad1e] Commit
 2 files changed, 5 insertions(+), 2 deletions(-)
[master 447af3c] Commit
 2 files changed, 3 insertions(+)
[master 894cd0e] Commit
 1 file changed, 2 insertions(+)
[master 5515fd5] Commit
 1 file changed, 2 insertions(+)
[master 87d3347] Commit
 2 files changed, 3 insertions(+)
[master 1477af0] Commit
 2 files changed, 5 insertions(+), 2 deletions(-)
[master 01ed7eb] Commit
 1 file changed, 2 insertions(+)
[master 1afb703] Commit
 2 files changed, 2 insertions(+), 2 deletions(-)
[master c67ab26] Commit
 2 files changed, 25 insertions(+), 11 deletions(-)
[master 8c7ab4f] Commit
 2 files changed, 4 insertions(+), 2 deletions(-)
[master f0c220b] Commit
 2 files changed, 11 insertions(+), 9 deletions(-)
[master 613d0b9] Commit
 2 files changed, 8 insertions(+), 6 deletions(-)
[master 2437675] Commit
 2 files changed, 4 insertions(+), 2 deletions(-)
[master d270782] Commit
 1 file changed, 2 insertions(+)
[master 4f0da21] Commit
 2 files changed, 5 insertions(+), 3 deletions(-)
[master 593bd68] Commit
 1 file changed, 2 insertions(+)
[master b9281ba] Commit
 1 file changed, 2 insertions(+)
[master 56e7721] Commit
 1 file changed, 2 insertions(+)
[master 546f9ba] Commit
 1 file changed, 2 insertions(+)
[master d8ed7ef] Commit
 1 file changed, 2 insertions(+)
[master b07e5a4] Commit
 2 files changed, 3 insertions(+)
[master f7133e2] Commit
 2 files changed, 3 insertions(+)
[master e9e7a54] Commit
 2 files changed, 2 insertions(+), 2 deletions(-)
[master 4a32ff6] Commit
 1 file changed, 2 insertions(+)
[master 0507599] Commit
 2 files changed, 4 insertions(+)
[master 913c422] Commit
 1 file changed, 2 insertions(+)
[master cd158df] Commit
 1 file changed, 2 insertions(+)
[master 717ebd0] Commit
 1 file changed, 2 insertions(+)
[master 174bc79] Commit
 1 file changed, 2 insertions(+)
[master 4892859] Commit
 1 file changed, 2 insertions(+)
[master 8fc383d] Commit
 1 file changed, 2 insertions(+)
[master 9ae7835] Commit
 2 files changed, 5 insertions(+), 2 deletions(-)
[master 5538101] Commit
 2 files changed, 5 insertions(+)
[master 2ecee69] Commit
 1 file changed, 2 insertions(+)
[master 644ed6f] Commit
 2 files changed, 6 insertions(+), 4 deletions(-)
[master 4692afa] Commit
 2 files changed, 10 insertions(+), 2 deletions(-)
[master 5598ca0] Commit
 1 file changed, 2 insertions(+)
[master 8a5abf7] Commit
 1 file changed, 2 insertions(+)
[master fed5128] Commit
 1 file changed, 2 insertions(+)
[master ec9ea30] Commit
 1 file changed, 2 insertions(+)
[master 6d78d42] Commit
 2 files changed, 5 insertions(+)
[master 4da54e3] Commit
 2 files changed, 3 insertions(+)
[master 1338ed3] Commit
 1 file changed, 2 insertions(+)
[master 4c5cd74] Commit
 2 files changed, 26 insertions(+)
[master 22aad5b] Commit
 2 files changed, 5 insertions(+), 3 deletions(-)
[master 7a9ff17] Commit
 1 file changed, 2 insertions(+)
[master 29b564d] Commit
 2 files changed, 16 insertions(+), 5 deletions(-)
[master 40bee1e] Commit
 2 files changed, 33 insertions(+), 38 deletions(-)
[master 8e9c102] Commit
 2 files changed, 3 insertions(+), 1 deletion(-)
[master a9866f0] Commit
 1 file changed, 2 insertions(+)
[master b9c70b6] Commit
 1 file changed, 2 insertions(+)
[master 2de9d5a] Commit
 2 files changed, 2 insertions(+), 1 deletion(-)
[master c6107ff] Commit
 2 files changed, 57 insertions(+), 31 deletions(-)
[master 50610c5] Commit
 1 file changed, 2 insertions(+)
[master f4e98a1] Commit
 1 file changed, 2 insertions(+)
[master fcd0d4a] Commit
 1 file changed, 2 insertions(+)
[master f7ca8b2] Commit
 2 files changed, 12 insertions(+)
[master 7f2ce6e] Commit
 2 files changed, 6 insertions(+), 4 deletions(-)
[master 6ac0fb2] Commit
 1 file changed, 2 insertions(+)
[master b55d56e] Commit
 1 file changed, 2 insertions(+)
[master 633d899] Commit
 2 files changed, 12 insertions(+), 2 deletions(-)
[master 71daf55] Commit
 1 file changed, 2 insertions(+)
[master 577248f] Commit
 2 files changed, 4 insertions(+), 2 deletions(-)
[master cde769f] Commit
 1 file changed, 2 insertions(+)
[master d4da06c] Commit
 1 file changed, 2 insertions(+)
[master e7c6e5c] Commit
 1 file changed, 2 insertions(+)
[master 395982c] Commit
 2 files changed, 19 insertions(+), 3 deletions(-)
[master 5c491eb] Commit
 2 files changed, 3 insertions(+), 1 deletion(-)
[master 8125ab7] Commit
 2 files changed, 5 insertions(+)
[master b62d3d7] Commit
 2 files changed, 3 insertions(+), 1 deletion(-)
[master ce9cc09] Commit
 2 files changed, 3 insertions(+), 2 deletions(-)
[master ada9381] Commit
 2 files changed, 4 insertions(+), 2 deletions(-)
[master a8adeb5] Commit
 1 file changed, 2 insertions(+)
[master 6a39a3b] Commit
 2 files changed, 30 insertions(+), 3 deletions(-)
[master 3a3ab89] Commit
 2 files changed, 3 insertions(+)
[master 221059e] Commit
 2 files changed, 5 insertions(+), 1 deletion(-)
[master 305d3ae] Commit
 2 files changed, 3 insertions(+), 1 deletion(-)
[master 4476582] Commit
 2 files changed, 3 insertions(+), 1 deletion(-)
[master 9f76b47] Commit
 2 files changed, 3 insertions(+), 1 deletion(-)
[master b39e456] Commit
 2 files changed, 3 insertions(+)
[master dffb6bd] Commit
 2 files changed, 3 insertions(+), 1 deletion(-)
[master 091b2ad] Commit
 2 files changed, 3 insertions(+), 1 deletion(-)
[master 05d272f] Commit
 2 files changed, 2 insertions(+), 3 deletions(-)
[master faf87cf] Commit
 2 files changed, 105 insertions(+), 8 deletions(-)
[master d2ce4fc] Commit
 2 files changed, 7 insertions(+), 11 deletions(-)
[master 14d3372] Commit
 2 files changed, 3 insertions(+), 1 deletion(-)
[master 211f0c2] Commit
 2 files changed, 3 insertions(+), 1 deletion(-)
[master 636d711] Commit
 2 files changed, 3 insertions(+), 1 deletion(-)
[master a9bc395] Commit
 2 files changed, 3 insertions(+), 1 deletion(-)
[master a7bba55] Commit
 2 files changed, 11 insertions(+), 7 deletions(-)
[master e573497] Commit
 1 file changed, 2 insertions(+)
[master 22313f7] Commit
 2 files changed, 3 insertions(+), 1 deletion(-)
[master 5f2a347] Commit
 2 files changed, 14 insertions(+), 8 deletions(-)
[master c554256] Commit
 2 files changed, 4 insertions(+), 2 deletions(-)
[master e0830b3] Commit
 2 files changed, 14 insertions(+), 12 deletions(-)
[master ad844dc] Commit
 2 files changed, 5 insertions(+), 3 deletions(-)
[master b34dc4a] Commit
 2 files changed, 3 insertions(+), 1 deletion(-)
[master 939bf83] Commit
 2 files changed, 3 insertions(+), 1 deletion(-)
[master b8a5738] Commit
 1 file changed, 2 insertions(+)
[master 5fff5f1] Commit
 2 files changed, 4 insertions(+), 2 deletions(-)
[master 6ad7de2] Commit
 2 files changed, 8 insertions(+)
[master 1ddea15] Commit
 2 files changed, 3 insertions(+), 2 deletions(-)
[master f421f8a] Commit
 2 files changed, 4 insertions(+)
[master 84cd632] Commit
 2 files changed, 3 insertions(+), 1 deletion(-)
[master d81cc3d] Commit
 2 files changed, 3 insertions(+), 1 deletion(-)
[master 43af64b] Commit
 2 files changed, 3 insertions(+), 3 deletions(-)
[master 7d1d654] Commit
 1 file changed, 2 insertions(+)
[master 1333d54] Commit
 2 files changed, 13 insertions(+), 1 deletion(-)
[master ef22548] Commit
 2 files changed, 3 insertions(+), 1 deletion(-)
[master 188021a] Commit
 2 files changed, 3 insertions(+), 1 deletion(-)
[master ee6b0d8] Commit
 2 files changed, 3 insertions(+), 1 deletion(-)
[master 105de2c] Commit
 2 files changed, 3 insertions(+), 1 deletion(-)
[master f45a75b] Commit
 2 files changed, 3 insertions(+), 1 deletion(-)
[master d29c1e9] Commit
 2 files changed, 3 insertions(+), 1 deletion(-)
[master 1d0e221] Commit
 2 files changed, 3 insertions(+), 1 deletion(-)
[master 916d200] Commit
 2 files changed, 8 insertions(+), 2 deletions(-)
[master 38a6785] Commit
 2 files changed, 3 insertions(+), 1 deletion(-)
[master 784f2b4] Commit
 2 files changed, 3 insertions(+), 1 deletion(-)
[master 3b6dd78] Commit
 2 files changed, 4 insertions(+), 2 deletions(-)
[master fb32431] Commit
 2 files changed, 3 insertions(+), 1 deletion(-)
[master 558c17d] Commit
 2 files changed, 3 insertions(+), 1 deletion(-)
[master 1231bcc] Commit
 1 file changed, 2 insertions(+)
[master a545b10] Commit
 2 files changed, 4 insertions(+), 2 deletions(-)
[master 41dbdcc] Commit
 2 files changed, 4 insertions(+), 2 deletions(-)
[master 26eb4c9] Commit
 2 files changed, 4 insertions(+), 2 deletions(-)
[master ad3c1a1] Commit
 2 files changed, 45 insertions(+)
[master a8c39a9] Commit
 2 files changed, 10 insertions(+), 2 deletions(-)
[master 20081ce] Commit
 2 files changed, 3 insertions(+), 1 deletion(-)
[master 766a9b1] Commit
 2 files changed, 4 insertions(+), 2 deletions(-)
[master c2d8925] Commit
 2 files changed, 3 insertions(+), 1 deletion(-)
[master dcea817] Commit
 2 files changed, 5 insertions(+), 2 deletions(-)
[master 80cc4c1] Commit
 1 file changed, 2 insertions(+)
[master e23f982] Commit
 2 files changed, 4 insertions(+), 1 deletion(-)
[master 7f3cc8e] Commit
 2 files changed, 3 insertions(+), 1 deletion(-)
[master 060dc7c] Commit
 1 file changed, 2 insertions(+)
[master a2971e5] Commit
 2 files changed, 5 insertions(+), 1 deletion(-)
[master 09b0b33] Commit
 2 files changed, 10 insertions(+), 8 deletions(-)
[master 9b324c9] Commit
 2 files changed, 12 insertions(+), 11 deletions(-)
[master b2148eb] Commit
 2 files changed, 3 insertions(+), 1 deletion(-)
[master 300993e] Commit
 1 file changed, 2 insertions(+)
[master 1c99915] Commit
 1 file changed, 2 insertions(+)
[master f8ae894] Commit
 1 file changed, 2 insertions(+)
[master c41c61b] Commit
 1 file changed, 2 insertions(+)
[master 5b300db] Commit
 2 files changed, 3 insertions(+), 1 deletion(-)
[master 1339c1a] Commit
 2 files changed, 3 insertions(+), 1 deletion(-)
[master 7572b5c] Commit
 1 file changed, 2 insertions(+)
[master 2d05164] Commit
 1 file changed, 2 insertions(+)
[master 5026e03] Commit
 1 file changed, 2 insertions(+)
[master e58d88e] Commit
 2 files changed, 3 insertions(+), 1 deletion(-)
[master 2490952] Commit
 2 files changed, 3 insertions(+), 1 deletion(-)
[master 541cfd2] Commit
 1 file changed, 2 insertions(+)
[master d8ae09d] Commit
 2 files changed, 5 insertions(+)
[master 2d1d463] Commit
 1 file changed, 2 insertions(+)
[master 5309ea9] Commit
 2 files changed, 3 insertions(+)
[master ee277ef] Commit
 2 files changed, 3 insertions(+), 1 deletion(-)
[master 32c6ac4] Commit
 2 files changed, 3 insertions(+), 1 deletion(-)
[master 3bc2d6a] Commit
 1 file changed, 2 insertions(+)
[master b4fa4a0] Commit
 1 file changed, 2 insertions(+)
[master 82420a9] Commit
 1 file changed, 2 insertions(+)
[master 190b4a6] Commit
 2 files changed, 2 insertions(+), 4 deletions(-)
[master ccf6991] Commit
 1 file changed, 2 insertions(+)
[master 4990d29] Commit
 2 files changed, 44 insertions(+)
[master 184c71b] Commit
 2 files changed, 5 insertions(+), 1 deletion(-)
[master b22ff64] Commit
 2 files changed, 4 insertions(+), 2 deletions(-)
[master 2ed8078] Commit
 2 files changed, 3 insertions(+), 1 deletion(-)
[master fbafbd6] Commit
 2 files changed, 4 insertions(+), 1 deletion(-)
[master b9e7537] Commit
 2 files changed, 3 insertions(+), 1 deletion(-)
[master e76edd3] Commit
 2 files changed, 3 insertions(+), 1 deletion(-)
[master 0d7f818] Commit
 2 files changed, 4 insertions(+), 2 deletions(-)
[master 2812d9d] Commit
 2 files changed, 3 insertions(+), 1 deletion(-)
[master 7af7364] Commit
 2 files changed, 4 insertions(+), 1 deletion(-)
[master df0a2ac] Commit
 2 files changed, 3 insertions(+), 1 deletion(-)
[master b1c9a8e] Commit
 2 files changed, 3 insertions(+), 1 deletion(-)
[master 2213196] Commit
 2 files changed, 3 insertions(+), 1 deletion(-)
[master 6100248] Commit
 2 files changed, 3 insertions(+), 1 deletion(-)
[master 152edc2] Commit
 2 files changed, 3 insertions(+), 1 deletion(-)
[master fbd6fdc] Commit
 2 files changed, 3 insertions(+), 1 deletion(-)
[master 87f129c] Commit
 2 files changed, 4 insertions(+)
[master 40616d3] Commit
 2 files changed, 10 insertions(+), 3 deletions(-)
[master f7cfc85] Commit
 2 files changed, 3 insertions(+), 1 deletion(-)
[master 7f56d4a] Commit
 2 files changed, 7 insertions(+), 1 deletion(-)
[master b366551] Commit
 2 files changed, 5 insertions(+), 1 deletion(-)
[master 848d6fc] Commit
 2 files changed, 4 insertions(+), 2 deletions(-)
[master 6a5451b] Commit
 1 file changed, 2 insertions(+)
[master 870b650] Commit
 2 files changed, 3 insertions(+)
[master fbf9ce5] Commit
 2 files changed, 4 insertions(+), 1 deletion(-)
[master 74bf1db] Commit
 2 files changed, 6 insertions(+), 4 deletions(-)
[master 316aa58] Commit
 2 files changed, 4 insertions(+), 2 deletions(-)
[master 89e42a1] Commit
 2 files changed, 4 insertions(+), 2 deletions(-)
[master 4ac0eca] Commit
 2 files changed, 4 insertions(+), 1 deletion(-)
[master 01f091c] Commit
 2 files changed, 3 insertions(+)
[master 303a4f8] Commit
 2 files changed, 3 insertions(+)
[master 274c863] Commit
 2 files changed, 3 insertions(+)
[master c52ccb6] Commit
 2 files changed, 3 insertions(+)
[master 8eaac00] Commit
 2 files changed, 4 insertions(+), 2 deletions(-)
[master 5d1be67] Commit
 2 files changed, 4 insertions(+), 2 deletions(-)
[master 7ba66c9] Commit
 2 files changed, 4 insertions(+), 2 deletions(-)
[master 0d56b81] Commit
 2 files changed, 4 insertions(+), 2 deletions(-)
[master 681ee2f] Commit
 2 files changed, 4 insertions(+), 2 deletions(-)
[master 7bb9a18] Commit
 2 files changed, 4 insertions(+), 2 deletions(-)
[master c4c508b] Commit
 5 files changed, 16 insertions(+), 14 deletions(-)
 rewrite http-root-dir/cgi-bin/post-query (60%)
 rewrite http-root-dir/cgi-bin/query (61%)
[master 1915b1d] Commit
 2 files changed, 6 insertions(+), 2 deletions(-)
[master 4ea734c] Commit
 2 files changed, 4 insertions(+), 2 deletions(-)
[master 885d2a7] Commit
 2 files changed, 5 insertions(+), 6 deletions(-)
[master a7668dc] Commit
 2 files changed, 43 insertions(+), 4 deletions(-)
[master 2d351af] Commit
 2 files changed, 3 insertions(+), 1 deletion(-)
[master e1e3442] Commit
 2 files changed, 3 insertions(+), 1 deletion(-)
[master 736c502] Commit
 2 files changed, 5 insertions(+), 3 deletions(-)
[master ef2f391] Commit
 2 files changed, 3 insertions(+), 1 deletion(-)
[master 5ff1902] Commit
 2 files changed, 3 insertions(+), 1 deletion(-)
[master c95ff64] Commit
 2 files changed, 3 insertions(+), 1 deletion(-)
[master 19e7403] Commit
 2 files changed, 48 insertions(+), 38 deletions(-)
[master fc34e4d] Commit
 2 files changed, 3 insertions(+), 1 deletion(-)
[master fd3d611] Commit
 2 files changed, 6 insertions(+), 4 deletions(-)
[master c633134] Commit
 2 files changed, 4 insertions(+), 2 deletions(-)
[master 601de61] Commit
 2 files changed, 6 insertions(+), 4 deletions(-)
[master a09e7b4] Commit
 2 files changed, 5 insertions(+), 3 deletions(-)
[master 35d656a] Commit
 2 files changed, 3 insertions(+), 1 deletion(-)
[master 091a7d8] Commit
 2 files changed, 3 insertions(+), 1 deletion(-)
[master 9fdc7f1] Commit
 2 files changed, 3 insertions(+), 1 deletion(-)
[master 394d967] Commit
 2 files changed, 4 insertions(+), 2 deletions(-)
[master e7cedee] Commit
 2 files changed, 3 insertions(+), 1 deletion(-)
[master 0b9bc6d] Commit
 2 files changed, 4 insertions(+), 1 deletion(-)
[master 1a2d386] Commit
 2 files changed, 4 insertions(+), 2 deletions(-)
[master e4e8ce2] Commit
 2 files changed, 10 insertions(+), 6 deletions(-)
[master 772738c] Commit
 2 files changed, 9 insertions(+), 1 deletion(-)
[master 2eea787] Commit
 1 file changed, 2 insertions(+)
[master fc243a4] Commit
 2 files changed, 10 insertions(+), 2 deletions(-)
[master d6428c8] Commit
 2 files changed, 3 insertions(+)
[master 70ffa39] Commit
 2 files changed, 3 insertions(+)
[master 722964f] Commit
 2 files changed, 3 insertions(+)
[master c6eb442] Commit
 2 files changed, 9 insertions(+), 2 deletions(-)
[master 9832e5b] Commit
 2 files changed, 3 insertions(+), 1 deletion(-)
[master 6273ee0] Commit
 2 files changed, 5 insertions(+), 3 deletions(-)
[master 0c4e7dd] Commit
 2 files changed, 5 insertions(+), 3 deletions(-)
[master dc4dd91] Commit
 2 files changed, 5 insertions(+), 3 deletions(-)
[master 68f6402] Commit
 2 files changed, 3 insertions(+), 1 deletion(-)
[master 568a6cc] Commit
 2 files changed, 10 insertions(+), 5 deletions(-)
[master 901ee54] Commit
 2 files changed, 3 insertions(+), 1 deletion(-)
[master ccd7542] Commit
 1 file changed, 2 insertions(+)
[master b1590a8] Commit
 2 files changed, 6 insertions(+), 7 deletions(-)
[master 453a588] Commit
 2 files changed, 2 insertions(+), 1 deletion(-)
[master 3ea1b07] Commit
 2 files changed, 3 insertions(+), 1 deletion(-)
[master d83ca01] Commit
 2 files changed, 3 insertions(+), 1 deletion(-)
[master 180a28d] Commit
 2 files changed, 6 insertions(+), 4 deletions(-)
[master 40addaf] Commit
 2 files changed, 4 insertions(+), 2 deletions(-)
[master 48bf0d2] Commit
 2 files changed, 3 insertions(+), 1 deletion(-)
[master 8a43b94] Commit
 2 files changed, 4 insertions(+), 2 deletions(-)
[master 40fe553] Commit
 2 files changed, 3 insertions(+), 1 deletion(-)
[master f0172d5] Commit
 2 files changed, 6 insertions(+), 1 deletion(-)
[master cfacc12] Commit
 2 files changed, 7 insertions(+), 6 deletions(-)
[master 3b12a41] Commit
 2 files changed, 5 insertions(+), 4 deletions(-)
[master d338e69] Commit
 1 file changed, 2 insertions(+)
[master a673f38] Commit
 1 file changed, 2 insertions(+)
[master 65b3def] Commit
 1 file changed, 2 insertions(+)
[master 02f89a7] Commit
 1 file changed, 2 insertions(+)
[master 73906b2] Commit
 2 files changed, 4 insertions(+), 2 deletions(-)
[master e8ecbde] Commit
 1 file changed, 2 insertions(+)
[master 56ba3f4] Commit
 1 file changed, 2 insertions(+)
[master 3cc5836] Commit
 2 files changed, 5 insertions(+), 3 deletions(-)
[master e729c5e] Commit
 2 files changed, 4 insertions(+), 1 deletion(-)
[master 176ca47] Commit
 2 files changed, 3 insertions(+), 1 deletion(-)
[master cb075cd] Commit
 2 files changed, 3 insertions(+), 1 deletion(-)
[master 667bb2c] Commit
 2 files changed, 3 insertions(+), 1 deletion(-)
[master d075119] Commit
 3 files changed, 5 insertions(+), 1 deletion(-)
[master 047c900] Commit
 2 files changed, 6 insertions(+), 4 deletions(-)
[master 912ff10] Commit
 3 files changed, 4 insertions(+), 4 deletions(-)
[master 24a6ab7] Commit
 1 file changed, 2 insertions(+)
[master 4df5312] Commit
 1 file changed, 2 insertions(+)
[master c38730c] Commit
 2 files changed, 4 insertions(+), 2 deletions(-)
[master 7f56e7c] Commit
 1 file changed, 2 insertions(+)
[master 32966e6] Commit
 1 file changed, 2 insertions(+)
[master 629b0ff] Commit
 1 file changed, 2 insertions(+)
[master c19a773] Commit
 2 files changed, 4 insertions(+), 2 deletions(-)
[master 087010f] Commit
 2 files changed, 3 insertions(+)
[master 7f6a499] Commit
 2 files changed, 3 insertions(+)
[master 9cdf8e9] Commit
 1 file changed, 2 insertions(+)
[master 0a6f798] Commit
 3 files changed, 4 insertions(+), 3 deletions(-)
[master 47d1769] Commit
 1 file changed, 2 insertions(+)
[master 5f93b3e] Commit
 1 file changed, 2 insertions(+)
[master 43335ec] Commit
 1 file changed, 2 insertions(+)
[master e6271f1] Commit
 1 file changed, 2 insertions(+)
[master bbff104] Commit
 1 file changed, 2 insertions(+)
[master e7d2243] Commit
 1 file changed, 2 insertions(+)
[master b310bee] Commit
 1 file changed, 2 insertions(+)
[master 7e3d83c] Commit
 1 file changed, 2 insertions(+)
[master c069fcd] Commit
 1 file changed, 2 insertions(+)
[master 6fa7ece] Commit
 1 file changed, 2 insertions(+)
[master b1f37db] Commit
 1 file changed, 2 insertions(+)
[master eaecf90] Commit
 1 file changed, 2 insertions(+)
[master 0afbfee] Commit
 1 file changed, 2 insertions(+)
[master 7e161ad] Commit
 1 file changed, 2 insertions(+)
[master 0c3aa60] Commit
 1 file changed, 2 insertions(+)
[master 79e1e81] Commit
 1 file changed, 2 insertions(+)
[master 735a517] Commit
 1 file changed, 2 insertions(+)
[master be35276] Commit
 1 file changed, 2 insertions(+)
[master fec6455] Commit
 2 files changed, 6 insertions(+), 1 deletion(-)
[master adfcd41] Commit
 2 files changed, 4 insertions(+), 1 deletion(-)
[master 6022a2a] Commit
 2 files changed, 4 insertions(+), 2 deletions(-)
[master 725f6c1] Commit
 1 file changed, 2 insertions(+)
[master 569bd31] Commit
 1 file changed, 2 insertions(+)
[master 6d487f4] Commit
 2 files changed, 3 insertions(+), 1 deletion(-)
[master dd46371] Commit
 2 files changed, 3 insertions(+), 1 deletion(-)
[master 4eeaef2] Commit
 2 files changed, 5 insertions(+), 3 deletions(-)
[master 7077719] Commit
 2 files changed, 9 insertions(+), 2 deletions(-)
[master 45e982c] Commit
 2 files changed, 3 insertions(+), 1 deletion(-)
[master 1174d46] Commit
 2 files changed, 3 insertions(+), 1 deletion(-)
[master f13feb5] Commit
 2 files changed, 5 insertions(+)
[master 5f1f5be] Commit
 1 file changed, 2 insertions(+)
[master 37b0b62] Commit
 1 file changed, 2 insertions(+)
[master 6d02d0c] Commit
 2 files changed, 5 insertions(+)
[master 98363a0] Commit
 2 files changed, 3 insertions(+)
[master f0a8a0c] Commit
 2 files changed, 3 insertions(+), 1 deletion(-)
[master 60fca74] Commit
 2 files changed, 3 insertions(+), 1 deletion(-)
[master cdc7a94] Commit
 2 files changed, 3 insertions(+), 1 deletion(-)
[master 63cda26] Commit
 2 files changed, 3 insertions(+), 1 deletion(-)
[master 1c2bdae] Commit
 2 files changed, 4 insertions(+), 1 deletion(-)
[master b01093d] Commit
 2 files changed, 3 insertions(+), 1 deletion(-)
[master b4c872b] Commit
 2 files changed, 3 insertions(+), 1 deletion(-)
[master af46817] Commit
 2 files changed, 3 insertions(+), 1 deletion(-)
[master b73004b] Commit
 2 files changed, 3 insertions(+), 1 deletion(-)
[master 3bc1332] Commit
 2 files changed, 3 insertions(+), 1 deletion(-)
[master 473978c] Commit
 2 files changed, 4 insertions(+), 1 deletion(-)
[master 9dc054f] Commit
 2 files changed, 5 insertions(+), 1 deletion(-)
[master c569860] Commit
 2 files changed, 4 insertions(+), 1 deletion(-)
[master 829af1f] Commit
 2 files changed, 5 insertions(+), 5 deletions(-)
[master 83c0d6e] Commit
 2 files changed, 4 insertions(+)
[master 71e2a0f] Commit
 2 files changed, 2 insertions(+), 1 deletion(-)
[master abf19ed] Commit
 2 files changed, 3 insertions(+), 1 deletion(-)
[master 58f3f56] Commit
 2 files changed, 3 insertions(+), 1 deletion(-)
[master d3bd939] Commit
 1 file changed, 2 insertions(+)
[master 7ad2ea4] Commit
 1 file changed, 2 insertions(+)
[master 52952c6] Commit
 2 files changed, 8 insertions(+)
[master b9303ee] Commit
 1 file changed, 2 insertions(+)
[master 1e0bc5e] Commit
 2 files changed, 20 insertions(+), 19 deletions(-)
[master 1390b42] Commit
 2 files changed, 11 insertions(+)
[master d9ab412] Commit
 2 files changed, 11 insertions(+), 3 deletions(-)
[master f1744f7] Commit
 1 file changed, 2 insertions(+)
[master 85255ad] Commit
 3 files changed, 17 insertions(+), 10 deletions(-)
[master 5c9a194] Commit
 2 files changed, 3 insertions(+), 1 deletion(-)
[master b8479f6] Commit
 2 files changed, 7 insertions(+), 5 deletions(-)
[master 6350891] Commit
 2 files changed, 3 insertions(+)
[master b2aa5c6] Commit
 2 files changed, 3 insertions(+), 1 deletion(-)
[master 5f7d8f0] Commit
 2 files changed, 3 insertions(+), 1 deletion(-)
[master a10dc44] Commit
 2 files changed, 3 insertions(+), 1 deletion(-)
[master 3acee35] Commit
 1 file changed, 2 insertions(+)
[master 5f0e208] Commit
 2 files changed, 5 insertions(+)
[master 17638f6] Commit
 1 file changed, 2 insertions(+)
[master e24503c] Commit
 2 files changed, 46 insertions(+)
[master 2b4a525] Commit
 2 files changed, 3 insertions(+), 1 deletion(-)
[master 6d53e7c] Commit
 2 files changed, 3 insertions(+), 4 deletions(-)
[master 2a0c389] Commit
 2 files changed, 3 insertions(+), 1 deletion(-)
[master 67d1283] Commit
 2 files changed, 4 insertions(+), 2 deletions(-)
[master eeea8a9] Commit
 2 files changed, 25 insertions(+), 2 deletions(-)
[master 2fa10f7] Commit
 2 files changed, 11 insertions(+), 9 deletions(-)
[master 9dbfd20] Commit
 2 files changed, 3 insertions(+), 1 deletion(-)
[master 1ccd0e5] Commit
 1 file changed, 2 insertions(+)
[master e17b366] Commit
 2 files changed, 4 insertions(+), 2 deletions(-)
[master 63424bf] Commit
 2 files changed, 6 insertions(+), 4 deletions(-)
[master 41ae135] Commit
 2 files changed, 3 insertions(+)
[master 6946cac] Commit
 1 file changed, 2 insertions(+)
[master 85b378a] Commit
 1 file changed, 2 insertions(+)
[master f8a1988] Commit
 2 files changed, 20 insertions(+), 3 deletions(-)
[master af1182c] Commit
 2 files changed, 4 insertions(+), 2 deletions(-)
[master f5b9f45] Commit
 2 files changed, 4 insertions(+), 2 deletions(-)
[master 830386b] Commit
 2 files changed, 4 insertions(+), 2 deletions(-)
[master 788a020] Commit
 1 file changed, 2 insertions(+)
[master b19772f] Commit
 2 files changed, 4 insertions(+), 2 deletions(-)
[master 498de41] Commit
 2 files changed, 7 insertions(+), 5 deletions(-)
[master 941b3fe] Commit
 2 files changed, 3 insertions(+), 1 deletion(-)
[master 330d329] Commit
 2 files changed, 3 insertions(+), 1 deletion(-)
[master 8291326] Commit
 2 files changed, 3 insertions(+), 1 deletion(-)
[master 12a47e9] Commit
 2 files changed, 3 insertions(+), 1 deletion(-)
[master a11c34d] Commit
 2 files changed, 5 insertions(+), 1 deletion(-)
[master 8eb9953] Commit
 2 files changed, 4 insertions(+), 1 deletion(-)
[master 761f4bd] Commit
 2 files changed, 3 insertions(+), 1 deletion(-)
[master 91df38d] Commit
 2 files changed, 3 insertions(+)
[master e91386c] Commit
 2 files changed, 10 insertions(+), 6 deletions(-)
[master 41c9f2b] Commit
 2 files changed, 3 insertions(+)
[master a08b2c2] Commit
 2 files changed, 3 insertions(+), 1 deletion(-)
[master 8d79495] Commit
 2 files changed, 5 insertions(+), 3 deletions(-)
[master 414ae8e] Commit
 2 files changed, 4 insertions(+), 2 deletions(-)
[master dde41ed] Commit
 2 files changed, 4 insertions(+), 2 deletions(-)
[master 0a885e2] Commit
 2 files changed, 3 insertions(+), 1 deletion(-)
[master f3b2aba] Commit
 2 files changed, 3 insertions(+), 1 deletion(-)
[master b384003] Commit
 2 files changed, 3 insertions(+), 1 deletion(-)
[master 036dbb4] Commit
 1 file changed, 2 insertions(+)
[master 60e1ebd] Commit
 2 files changed, 3 insertions(+), 1 deletion(-)
[master 452c032] Commit
 2 files changed, 5 insertions(+), 3 deletions(-)
[master 4f47cd8] Commit
 1 file changed, 2 insertions(+)
[master 8a5b04a] Commit
 2 files changed, 4 insertions(+), 2 deletions(-)
[master 61a92a2] Commit
 2 files changed, 4 insertions(+), 2 deletions(-)
[master 5da6822] Commit
 2 files changed, 4 insertions(+), 2 deletions(-)
[master 46bdcd2] Commit
 2 files changed, 8 insertions(+), 2 deletions(-)
[master 200b969] Commit
 2 files changed, 3 insertions(+)
[master ec6b7af] Commit
 2 files changed, 4 insertions(+), 2 deletions(-)
[master 3ab4685] Commit
 2 files changed, 4 insertions(+), 2 deletions(-)
[master 3545fb8] Commit
 2 files changed, 4 insertions(+), 2 deletions(-)
[master c7fee07] Commit
 2 files changed, 4 insertions(+), 2 deletions(-)
[master 726ad38] Commit
 2 files changed, 5 insertions(+), 3 deletions(-)
[master 4c7c450] Commit
 2 files changed, 3 insertions(+), 1 deletion(-)
[master d7ece7e] Commit
 2 files changed, 9 insertions(+), 1 deletion(-)
[master 640d8b4] Commit
 2 files changed, 3 insertions(+)
[master 579ff73] Commit
 2 files changed, 4 insertions(+)
[master f321583] Commit
 2 files changed, 3 insertions(+), 1 deletion(-)
[master 8a4560f] Commit
 2 files changed, 3 insertions(+), 1 deletion(-)
[master 9e800b9] Commit
 1 file changed, 2 insertions(+)
[master aeab947] Commit
 1 file changed, 2 insertions(+)
[master 3dce622] Commit
 1 file changed, 2 insertions(+)
[master 3ee6f7d] Commit
 1 file changed, 2 insertions(+)
[master 7ff7099] Commit
 2 files changed, 9 insertions(+), 7 deletions(-)
[master 2caf100] Commit
 1 file changed, 2 insertions(+)
[master dc308ee] Commit
 1 file changed, 2 insertions(+)
[master a2db2e4] Commit
 1 file changed, 2 insertions(+)
[master 2686998] Commit
 1 file changed, 2 insertions(+)
[master dc9fcaa] Commit
 8 files changed, 8 insertions(+), 4 deletions(-)
 delete mode 100755 http-root-dir/cgi-bin/post-query
 delete mode 100755 http-root-dir/cgi-bin/query
 delete mode 100644 http-root-dir/cgi-src/post-query.o
 delete mode 100644 http-root-dir/cgi-src/query.o
 rewrite http-root-dir/cgi-src/util.o (99%)
[master a8b6041] Commit
 1 file changed, 7 insertions(+)
[master f536221] Commit
 2 files changed, 3 insertions(+), 1 deletion(-)
[master ad4c09c] Commit
 1 file changed, 2 insertions(+)
[master 2994d94] Commit
 2 files changed, 3 insertions(+), 2 deletions(-)
[master 7675123] Commit
 1 file changed, 2 insertions(+)
[master 03a3133] Commit
 2 files changed, 4 insertions(+), 2 deletions(-)
[master 9ee584e] Commit
 1 file changed, 2 insertions(+)
[master f291212] Commit
 1 file changed, 2 insertions(+)
[master 44b67cd] Commit
 2 files changed, 3 insertions(+), 1 deletion(-)
[master 7338390] Commit
 2 files changed, 5 insertions(+), 1 deletion(-)
[master c43b8e4] Commit
 1 file changed, 2 insertions(+)
[master 13b40bb] Commit
 2 files changed, 3 insertions(+), 1 deletion(-)
[master a696b65] Commit
 2 files changed, 31 insertions(+), 10 deletions(-)
[master 5e94ca7] Commit
 2 files changed, 3 insertions(+)
[master e02ed66] Commit
 2 files changed, 3 insertions(+), 1 deletion(-)
[master d9dc462] Commit
 2 files changed, 3 insertions(+)
[master a911c88] Commit
 2 files changed, 5 insertions(+), 2 deletions(-)
[master efda29d] Commit
 2 files changed, 3 insertions(+), 1 deletion(-)
[master 0b1a200] Commit
 1 file changed, 2 insertions(+)
[master 5a53567] Commit
 1 file changed, 2 insertions(+)
[master 7515394] Commit
 3 files changed, 8 insertions(+), 6 deletions(-)
 rewrite http-root-dir/cgi-src/util.o (98%)
[master a6647c4] Commit
 2 files changed, 3 insertions(+)
 rewrite http-root-dir/cgi-src/util.o (99%)
[master d8d7ea8] Commit
 2 files changed, 38 insertions(+), 27 deletions(-)
[master fe138a9] Commit
 1 file changed, 2 insertions(+)
[master ba4dab4] Commit
 1 file changed, 2 insertions(+)
[master e67cb3f] Commit
 1 file changed, 2 insertions(+)
