CS252: lab1. mocull Mon Aug 28 18:41:49 EDT 2017  Total:  15 of 100

CS252: lab1. mocull Mon Aug 28 19:22:25 EDT 2017  Total:  15 of 100

CS252: lab1. mocull Tue Aug 29 11:46:46 EDT 2017  Total:  15 of 100

CS252: lab1. mocull Tue Aug 29 12:16:43 EDT 2017  Total:  15 of 100

CS252: lab1. mocull Tue Aug 29 12:19:41 EDT 2017  Total:  15 of 100

CS252: lab1. mocull Tue Aug 29 12:54:06 EDT 2017  Total:  15 of 100

CS252: lab1. mocull Tue Aug 29 13:03:55 EDT 2017  Total:  15 of 100

CS252: lab1. mocull Sun Sep 3 17:14:22 EDT 2017  Total:  15 of 100

CS252: lab1. mocull Sun Sep 3 21:21:44 EDT 2017  Total:  15 of 100

CS252: lab1. mocull Sun Sep 3 21:34:44 EDT 2017  Total:  5 of 100

CS252: lab1. mocull Sun Sep 3 21:39:21 EDT 2017  Total:  5 of 100

CS252: lab1. mocull Sun Sep 3 21:51:34 EDT 2017  Total:  15 of 100

CS252: lab1. mocull Sun Sep 3 23:05:41 EDT 2017  Total:  15 of 100

CS252: lab1. mocull Sun Sep 3 23:06:15 EDT 2017  Total:  15 of 100

CS252: lab1. mocull Sun Sep 3 23:14:47 EDT 2017  Total:  15 of 100

CS252: lab1. mocull Mon Sep 4 17:24:21 EDT 2017  Total:  5 of 100

CS252: lab1. mocull Mon Sep 4 17:30:51 EDT 2017  Total:  5 of 100

CS252: lab1. mocull Mon Sep 4 17:39:08 EDT 2017  Total:  15 of 100

CS252: lab1. mocull Mon Sep 4 17:46:40 EDT 2017  Total:  15 of 100

CS252: lab1. mocull Mon Sep 4 21:05:31 EDT 2017  Total:  15 of 100

CS252: lab1. mocull Mon Sep 4 21:15:12 EDT 2017  Total:  35 of 100

CS252: lab1. mocull Mon Sep 4 21:28:06 EDT 2017  Total:  35 of 100

CS252: lab1. mocull Mon Sep 4 21:40:34 EDT 2017  Total:  50 of 100

CS252: lab1. mocull Mon Sep 4 21:51:17 EDT 2017  Total:  55 of 100

CS252: lab1. mocull Mon Sep 4 22:03:48 EDT 2017  Total:  5 of 100

CS252: lab1. mocull Mon Sep 4 22:04:29 EDT 2017  Total:  55 of 100

CS252: lab1. mocull Mon Sep 4 22:50:07 EDT 2017  Total:  70 of 100

CS252: lab1. mocull Mon Sep 4 23:00:17 EDT 2017  Total:  80 of 100

CS252: lab1. mocull Tue Sep 5 00:31:09 EDT 2017  Total:  90 of 100

CS252: lab1. mocull Tue Sep 5 00:49:56 EDT 2017  Total:  100 of 100

CS252: lab1. mocull Tue Sep 5 01:06:49 EDT 2017  Total:  100 of 100

CS252: lab1. mocull Tue Sep 5 11:23:42 EDT 2017  Total:  80 of 100

CS252: lab1. mocull Tue Sep 5 11:25:01 EDT 2017  Total:  100 of 100

CS252: lab1. mocull Tue Sep 5 11:25:35 EDT 2017  Total:  100 of 100

CS252: lab1. mocull Tue Sep 5 11:30:07 EDT 2017  Total:  100 of 100

CS252: lab1. mocull Tue Sep 5 11:30:13 EDT 2017  Total:  100 of 100

CS252: lab1. mocull Tue Sep 12 12:08:07 EDT 2017  Total:  100 of 100

