Compiling the C compiler identification source file "CMakeCCompilerId.c" failed.
Compiler: C:/Program Files (x86)/Microsoft Visual Studio/VC98/Bin/CL.EXE 
Build flags: 
Id flags:  

The output was:
2
Microsoft (R) 32-bit C/C++ Optimizing Compiler Version 12.00.8168 for 80x86
Copyright (C) Microsoft Corp 1984-1998. All rights reserved.

CMakeCCompilerId.c
Microsoft (R) Incremental Linker Version 6.00.8168
Copyright (C) Microsoft Corp 1992-1998. All rights reserved.

/out:CMakeCCompilerId.exe 
CMakeCCompilerId.obj 
LINK : fatal error LNK1104: cannot open file "LIBC.lib"


Compiling the CXX compiler identification source file "CMakeCXXCompilerId.cpp" failed.
Compiler: C:/Program Files (x86)/Microsoft Visual Studio/VC98/Bin/CL.EXE 
Build flags: 
Id flags:  

The output was:
2
Microsoft (R) 32-bit C/C++ Optimizing Compiler Version 12.00.8168 for 80x86
Copyright (C) Microsoft Corp 1984-1998. All rights reserved.

CMakeCXXCompilerId.cpp
Microsoft (R) Incremental Linker Version 6.00.8168
Copyright (C) Microsoft Corp 1992-1998. All rights reserved.

/out:CMakeCXXCompilerId.exe 
CMakeCXXCompilerId.obj 
LINK : fatal error LNK1104: cannot open file "LIBC.lib"


Determining if the C compiler works failed with the following output:
Change Dir: C:/Users/hasee/Desktop/myffmpeglib/CMakeFiles/CMakeTmp

Run Build Command(s):nmake /nologo cmTC_1b00a\fast && 	nmake -f CMakeFiles\cmTC_1b00a.dir\build.make /nologo -L                  CMakeFiles\cmTC_1b00a.dir\build
Building C object CMakeFiles/cmTC_1b00a.dir/testCCompiler.c.obj
	C:\PROGRA~2\MIB055~1\VC98\Bin\CL.EXE @C:\Users\hasee\AppData\Local\Temp\nma20760.
testCCompiler.c
Linking C executable cmTC_1b00a.exe
	C:\PROGRA~2\MIB055~1\VC98\Bin\LINK.EXE /nologo @CMakeFiles\cmTC_1b00a.dir\objects1.rsp @C:\Users\hasee\AppData\Local\Temp\nmb20760.
LINK : fatal error LNK1104: cannot open file "kernel32.lib"
NMAKE : fatal error U1077: 'C:\PROGRA~2\MIB055~1\VC98\Bin\LINK.EXE' : return code '0x450'
Stop.
NMAKE : fatal error U1077: '"C:\Program Files (x86)\Microsoft Visual Studio\VC98\Bin\nmake.exe"' : return code '0x2'
Stop.



